\BOOKMARK [1][]{section.0.1}{\376\377\0001\000.\000\040\004\041\004\077\004\070\004\101\004\076\004\072\000\040\004\101\004\076\004\072\004\100\004\060\004\111\004\065\004\075\004\070\004\071}{}% 1
\BOOKMARK [1][]{section.0.2}{\376\377\0002\000.\000\040\004\022\004\062\004\065\004\064\004\065\004\075\004\070\004\065}{}% 2
\BOOKMARK [1][]{section.0.3}{\376\377\0003\000.\000\040\004\033\004\070\004\102\004\065\004\100\004\060\004\102\004\103\004\100\004\075\004\113\004\071\000\040\004\076\004\061\004\067\004\076\004\100}{}% 3
\BOOKMARK [2][-]{subsection.0.3.1}{\376\377\0003\000.\0001\000.\000\040\004\034\004\070\004\072\004\100\004\076\004\061\004\070\004\076\004\102\004\060\000\040\004\072\004\070\004\110\004\065\004\107\004\075\004\070\004\072\004\060\000\040\004\107\004\065\004\073\004\076\004\062\004\065\004\072\004\060}{section.0.3}% 4
\BOOKMARK [3][-]{section*.2}{\376\377\004\034\004\070\004\072\004\100\004\076\004\061\004\070\004\076\004\102\004\060\000\040\004\070\000\040\004\077\004\070\004\102\004\060\004\075\004\070\004\065}{subsection.0.3.1}% 5
\BOOKMARK [3][-]{section*.3}{\376\377\004\034\004\070\004\072\004\100\004\076\004\061\004\070\004\076\004\102\004\060\000\040\004\070\000\040\004\061\004\076\004\073\004\065\004\067\004\075\004\070}{subsection.0.3.1}% 6
\BOOKMARK [2][-]{subsection.0.3.2}{\376\377\0003\000.\0002\000.\000\040\004\030\004\075\004\102\004\065\004\073\004\073\004\065\004\072\004\102\004\103\004\060\004\073\004\114\004\075\004\113\004\071\000\040\004\060\004\075\004\060\004\073\004\070\004\067\000\040\004\102\004\065\004\072\004\101\004\102\004\076\004\062}{section.0.3}% 7
\BOOKMARK [3][-]{section*.4}{\376\377\004\036\004\061\004\111\004\060\004\117\000\040\004\101\004\105\004\065\004\074\004\060\000\040\004\060\004\075\004\060\004\073\004\070\004\067\004\060}{subsection.0.3.2}% 8
\BOOKMARK [3][-]{section*.5}{\376\377\004\030\004\075\004\104\004\076\004\100\004\074\004\060\004\106\004\070\004\076\004\075\004\075\004\113\004\071\000\040\004\077\004\076\004\070\004\101\004\072}{subsection.0.3.2}% 9
\BOOKMARK [3][-]{section*.6}{\376\377\004\040\004\060\004\101\004\077\004\076\004\067\004\075\004\060\004\062\004\060\004\075\004\070\004\065\000\040\004\070\004\074\004\065\004\075\004\076\004\062\004\060\004\075\004\075\004\113\004\105\000\040\004\101\004\103\004\111\004\075\004\076\004\101\004\102\004\065\004\071}{subsection.0.3.2}% 10
\BOOKMARK [3][-]{section*.9}{\376\377\004\030\004\067\004\062\004\073\004\065\004\107\004\065\004\075\004\070\004\065\000\040\004\076\004\102\004\075\004\076\004\110\004\065\004\075\004\070\004\071}{subsection.0.3.2}% 11
\BOOKMARK [3][-]{section*.15}{\376\377\004\023\004\065\004\075\004\065\004\100\004\060\004\106\004\070\004\117\000\040\004\063\004\070\004\077\004\076\004\102\004\065\004\067}{subsection.0.3.2}% 12
\BOOKMARK [2][-]{subsection.0.3.3}{\376\377\0003\000.\0003\000.\000\040\004\027\004\060\004\072\004\073\004\116\004\107\004\065\004\075\004\070\004\065}{section.0.3}% 13
\BOOKMARK [1][]{section.0.4}{\376\377\0004\000.\000\040\004\034\004\060\004\102\004\065\004\100\004\070\004\060\004\073\004\113\000\040\004\070\000\040\004\074\004\065\004\102\004\076\004\064\004\113}{}% 14
\BOOKMARK [2][-]{subsection.0.4.1}{\376\377\0004\000.\0001\000.\000\040\004\036\004\061\004\111\004\060\004\117\000\040\004\101\004\105\004\065\004\074\004\060\000\040\004\060\004\075\004\060\004\073\004\070\004\067\004\060}{section.0.4}% 15
\BOOKMARK [2][-]{subsection.0.4.2}{\376\377\0004\000.\0002\000.\000\040\004\030\004\075\004\104\004\076\004\100\004\074\004\060\004\106\004\070\004\076\004\075\004\075\004\113\004\071\000\040\004\077\004\076\004\070\004\101\004\072}{section.0.4}% 16
\BOOKMARK [2][-]{subsection.0.4.3}{\376\377\0004\000.\0003\000.\000\040\004\040\004\060\004\101\004\077\004\076\004\067\004\075\004\060\004\062\004\060\004\075\004\070\004\065\000\040\004\070\004\074\004\065\004\075\004\076\004\062\004\060\004\075\004\075\004\113\004\105\000\040\004\101\004\103\004\111\004\075\004\076\004\101\004\102\004\065\004\071}{section.0.4}% 17
\BOOKMARK [2][-]{subsection.0.4.4}{\376\377\0004\000.\0004\000.\000\040\004\030\004\067\004\062\004\073\004\065\004\107\004\065\004\075\004\070\004\065\000\040\004\076\004\102\004\075\004\076\004\110\004\065\004\075\004\070\004\071}{section.0.4}% 18
\BOOKMARK [3][-]{section*.17}{\376\377\004\037\004\060\004\102\004\102\004\065\004\100\004\075\004\113\000\040\004\064\004\073\004\117\000\040\004\070\004\067\004\062\004\073\004\065\004\107\004\065\004\075\004\070\004\117\000\040\004\076\004\102\004\075\004\076\004\110\004\065\004\075\004\070\004\071\000\040\000`\000`\004\061\004\060\004\072\004\102\004\065\004\100\004\070\004\117\000-\004\061\004\076\004\073\004\065\004\067\004\075\004\114\000'\000'}{subsection.0.4.4}% 19
\BOOKMARK [3][-]{section*.18}{\376\377\004\037\004\060\004\102\004\102\004\065\004\100\004\075\004\113\000\040\004\064\004\073\004\117\000\040\004\070\004\067\004\062\004\073\004\065\004\107\004\065\004\075\004\070\004\117\000\040\004\076\004\102\004\075\004\076\004\110\004\065\004\075\004\070\004\071\000\040\000`\000`\004\061\004\060\004\072\004\102\004\065\004\100\004\070\004\117\000-\004\075\004\103\004\102\004\100\004\070\004\065\004\075\004\102\000'\000'}{subsection.0.4.4}% 20
\BOOKMARK [2][-]{subsection.0.4.5}{\376\377\0004\000.\0005\000.\000\040\004\030\004\101\004\077\004\076\004\073\004\114\004\067\004\103\004\065\004\074\004\113\004\065\000\040\004\077\004\100\004\076\004\063\004\100\004\060\004\074\004\074\004\075\004\113\004\065\000\040\004\077\004\060\004\072\004\065\004\102\004\113}{section.0.4}% 21
\BOOKMARK [1][]{section.0.5}{\376\377\0005\000.\000\040\004\040\004\065\004\067\004\103\004\073\004\114\004\102\004\060\004\102\004\113\000\040\004\070\000\040\004\076\004\061\004\101\004\103\004\066\004\064\004\065\004\075\004\070\004\065}{}% 22
\BOOKMARK [2][-]{subsection.0.5.1}{\376\377\0005\000.\0001\000.\000\040\004\036\004\102\004\075\004\076\004\110\004\065\004\075\004\070\004\117\000\040\004\074\004\065\004\066\004\064\004\103\000\040\004\061\004\060\004\072\004\102\004\065\004\100\004\070\004\117\004\074\004\070\000\040\004\070\000\040\004\061\004\076\004\073\004\065\004\067\004\075\004\117\004\074\004\070}{section.0.5}% 23
\BOOKMARK [2][-]{subsection.0.5.2}{\376\377\0005\000.\0002\000.\000\040\004\036\004\102\004\075\004\076\004\110\004\065\004\075\004\070\004\117\000\040\004\074\004\065\004\066\004\064\004\103\000\040\004\061\004\060\004\072\004\102\004\065\004\100\004\070\004\117\004\074\004\070\000\040\004\070\000\040\004\075\004\103\004\102\004\100\004\070\004\065\004\075\004\102\004\060\004\074\004\070}{section.0.5}% 24
\BOOKMARK [2][-]{subsection.0.5.3}{\376\377\0005\000.\0003\000.\000\040\004\022\004\060\004\073\004\070\004\064\004\060\004\106\004\070\004\117\000\040\004\100\004\065\004\067\004\103\004\073\004\114\004\102\004\060\004\102\004\076\004\062}{section.0.5}% 25
\BOOKMARK [1][]{section.0.6}{\376\377\0006\000.\000\040\004\022\004\113\004\062\004\076\004\064\004\113}{}% 26
\BOOKMARK [0][]{chapter*.29}{\376\377\004\041\004\077\004\070\004\101\004\076\004\072\000\040\004\073\004\070\004\102\004\065\004\100\004\060\004\102\004\103\004\100\004\113}{}% 27
