This is pdfTeX, Version 3.1415926-1.40.10 (TeX Live 2009/Debian) (format=latex 2014.3.31)  23 JUN 2016 14:47
entering extended mode
 %&-line parsing enabled.
**thesis.tex
(./thesis.tex
LaTeX2e <2009/09/24>
Babel <v3.8l> and hyphenation patterns for english, usenglishmax, dumylang, noh
yphenation, farsi, arabic, croatian, bulgarian, ukrainian, russian, czech, slov
ak, danish, dutch, finnish, french, basque, ngerman, german, german-x-2009-06-1
9, ngerman-x-2009-06-19, ibycus, monogreek, greek, ancientgreek, hungarian, san
skrit, italian, latin, latvian, lithuanian, mongolian2a, mongolian, bokmal, nyn
orsk, romanian, irish, coptic, serbian, turkish, welsh, esperanto, uppersorbian
, estonian, indonesian, interlingua, icelandic, kurmanji, slovenian, polish, po
rtuguese, spanish, galician, catalan, swedish, ukenglish, pinyin, loaded.
(/usr/share/texmf-texlive/tex/latex/disser/disser.cls
Document Class: disser 2009/06/11 1.1.2 Document class for dissertations
(/usr/share/texmf-texlive/tex/generic/oberdiek/ifpdf.sty
Package: ifpdf 2009/04/10 v2.0 Provides the ifpdf switch (HO)
Package ifpdf Info: pdfTeX in pdf mode not detected.
)
(/usr/share/texmf-texlive/tex/latex/oberdiek/kvoptions.sty
Package: kvoptions 2009/08/13 v3.4 Keyval support for LaTeX options (HO)

(/usr/share/texmf-texlive/tex/latex/graphics/keyval.sty
Package: keyval 1999/03/16 v1.13 key=value parser (DPC)
\KV@toks@=\toks14
)
(/usr/share/texmf-texlive/tex/generic/oberdiek/kvsetkeys.sty
Package: kvsetkeys 2009/07/30 v1.5 Key value parser with default handler suppor
t (HO)

(/usr/share/texmf-texlive/tex/generic/oberdiek/infwarerr.sty
Package: infwarerr 2007/09/09 v1.2 Providing info/warning/message (HO)
)
(/usr/share/texmf-texlive/tex/generic/oberdiek/etexcmds.sty
Package: etexcmds 2007/12/12 v1.2 Prefix for e-TeX command names (HO)
Package etexcmds Info: Could not find \expanded.
(etexcmds)             That can mean that you are not using pdfTeX 1.50 or
(etexcmds)             that some package has redefined \expanded.
(etexcmds)             In the latter case, load this package earlier.
)))
(/usr/share/texmf-texlive/tex/latex/extsizes/size14.clo
File: size14.clo 1999/11/11 v1.4a NON-Standard LaTeX file (size option)
)
(/usr/share/texmf-texlive/tex/latex/base/exscale.sty
Package: exscale 2007/10/29 v2.1h Standard LaTeX package exscale
LaTeX Font Info:    Redeclaring symbol font `largesymbols' on input line 52.
LaTeX Font Info:    Overwriting symbol font `largesymbols' in version `normal'
(Font)                  OMX/cmex/m/n --> OMX/cmex/m/n on input line 52.
LaTeX Font Info:    Overwriting symbol font `largesymbols' in version `bold'
(Font)                  OMX/cmex/m/n --> OMX/cmex/m/n on input line 52.
\big@size=\dimen102
)
\c@part=\count79
\c@chapter=\count80
\c@section=\count81
\c@subsection=\count82
\c@subsubsection=\count83
\c@paragraph=\count84
\c@subparagraph=\count85
\c@figure=\count86
\c@table=\count87
\abovecaptionskip=\skip41
\belowcaptionskip=\skip42
\footnoteindent=\skip43

(/usr/share/texmf-texlive/tex/latex/disser/titledefs.rtx
File: titledefs.rtx 
)
\bibindent=\dimen103

(/usr/share/texmf-texlive/tex/latex/amsmath/amsmath.sty
Package: amsmath 2000/07/18 v2.13 AMS math features
\@mathmargin=\skip44

For additional information on amsmath, use the `?' option.
(/usr/share/texmf-texlive/tex/latex/amsmath/amstext.sty
Package: amstext 2000/06/29 v2.01

(/usr/share/texmf-texlive/tex/latex/amsmath/amsgen.sty
File: amsgen.sty 1999/11/30 v2.0
\@emptytoks=\toks15
\ex@=\dimen104
))
(/usr/share/texmf-texlive/tex/latex/amsmath/amsbsy.sty
Package: amsbsy 1999/11/29 v1.2d
\pmbraise@=\dimen105
)
(/usr/share/texmf-texlive/tex/latex/amsmath/amsopn.sty
Package: amsopn 1999/12/14 v2.01 operator names
)
\inf@bad=\count88
LaTeX Info: Redefining \frac on input line 211.
\uproot@=\count89
\leftroot@=\count90
LaTeX Info: Redefining \overline on input line 307.
\classnum@=\count91
\DOTSCASE@=\count92
LaTeX Info: Redefining \ldots on input line 379.
LaTeX Info: Redefining \dots on input line 382.
LaTeX Info: Redefining \cdots on input line 467.
\Mathstrutbox@=\box26
\strutbox@=\box27
\big@size=\dimen106
LaTeX Font Info:    Redeclaring font encoding OML on input line 567.
LaTeX Font Info:    Redeclaring font encoding OMS on input line 568.
\macc@depth=\count93
\c@MaxMatrixCols=\count94
\dotsspace@=\muskip10
\c@parentequation=\count95
\dspbrk@lvl=\count96
\tag@help=\toks16
\row@=\count97
\column@=\count98
\maxfields@=\count99
\andhelp@=\toks17
\eqnshift@=\dimen107
\alignsep@=\dimen108
\tagshift@=\dimen109
\tagwidth@=\dimen110
\totwidth@=\dimen111
\lineht@=\dimen112
\@envbody=\toks18
\multlinegap=\skip45
\multlinetaggap=\skip46
\mathdisplay@stack=\toks19
LaTeX Info: Redefining \[ on input line 2666.
LaTeX Info: Redefining \] on input line 2667.
)
(/usr/share/texmf-texlive/tex/latex/amsfonts/amssymb.sty
Package: amssymb 2009/06/22 v3.00

(/usr/share/texmf-texlive/tex/latex/amsfonts/amsfonts.sty
Package: amsfonts 2009/06/22 v3.00 Basic AMSFonts support
\symAMSa=\mathgroup4
\symAMSb=\mathgroup5
LaTeX Font Info:    Overwriting math alphabet `\mathfrak' in version `bold'
(Font)                  U/euf/m/n --> U/euf/b/n on input line 96.
))
\symEulerExtension=\mathgroup6
LaTeX Font Info:    Redeclaring math symbol \intop on input line 1371.
LaTeX Font Info:    Redeclaring math symbol \ointop on input line 1372.

(/usr/share/texmf-texlive/tex/latex/natbib/natbib.sty
Package: natbib 2009/07/16 8.31 (PWD, AO)
\bibhang=\skip47
\bibsep=\skip48
LaTeX Info: Redefining \cite on input line 694.
\c@NAT@ctr=\count100
)
(/usr/share/texmf-texlive/tex/latex/wrapfig/wrapfig.sty
\wrapoverhang=\dimen113
\WF@size=\dimen114
\c@WF@wrappedlines=\count101
\WF@box=\box28
\WF@everypar=\toks20
Package: wrapfig 2003/01/31  v 3.6
)
(/usr/share/texmf-texlive/tex/latex/caption/caption.sty
Package: caption 2009/10/09 v3.1k Customizing captions (AR)

(/usr/share/texmf-texlive/tex/latex/caption/caption3.sty
Package: caption3 2009/10/09 v3.1k caption3 kernel (AR)
\captionmargin=\dimen115
\captionmargin@=\dimen116
\captionwidth=\dimen117
\caption@indent=\dimen118
\caption@parindent=\dimen119
\caption@hangindent=\dimen120
Package caption Info: Unknown document class (or package),
(caption)             standard defaults will be used on input line 1068.
)

Package caption Warning: Unsupported document class (or package) detected,
(caption)                usage of the caption package is not recommended.
See the caption package documentation for explanation.

Package caption Info: \@makecaption = \long macro:#1#2->\vskip \abovecaptionski
p \sbox \@tempboxa {{\captionlabelfont #1\captionlabeldelim } {\captionfont #2}
}\ifdim \wd \@tempboxa >\hsize {{\captionlabelfont #1\captionlabeldelim } {\cap
tionfont #2}}\par \else \global \@minipagefalse \hb@xt@ \hsize {\hfil \box \@te
mpboxa \hfil }\fi \vskip \belowcaptionskip .

Package caption Warning: Configuration file caption.cfg not found on input line
 253.
See the caption package documentation for explanation.

\c@ContinuedFloat=\count102
Package caption Info: wrapfig package is loaded.
) (/usr/share/texmf-texlive/tex/latex/subfig/subfig.sty
Package: subfig 2005/06/28 ver: 1.3 subfig package
\c@KVtest=\count103
\sf@farskip=\skip49
\sf@captopadj=\dimen121
\sf@capskip=\skip50
\sf@nearskip=\skip51


Package subfig Warning: Configuration file subfig.cfg not found on input line 2
97.

\c@subfigure=\count104
\c@subfigure@save=\count105
\c@lofdepth=\count106
\c@subtable=\count107
\c@subtable@save=\count108
\c@lotdepth=\count109
\sf@top=\skip52
\sf@bottom=\skip53
) (/usr/share/texmf-texlive/tex/latex/hyperref/hyperref.sty
Package: hyperref 2009/10/09 v6.79a Hypertext links for LaTeX

(/usr/share/texmf-texlive/tex/generic/oberdiek/ifvtex.sty
Package: ifvtex 2008/11/04 v1.4 Switches for detecting VTeX and its modes (HO)
Package ifvtex Info: VTeX not detected.
)
(/usr/share/texmf-texlive/tex/generic/ifxetex/ifxetex.sty
Package: ifxetex 2009/01/23 v0.5 Provides ifxetex conditional
)
(/usr/share/texmf-texlive/tex/latex/oberdiek/hycolor.sty
Package: hycolor 2009/10/02 v1.5 Code for color options of hyperref/bookmark (H
O)

(/usr/share/texmf-texlive/tex/latex/oberdiek/xcolor-patch.sty
Package: xcolor-patch 2009/10/02 xcolor patch
))
\@linkdim=\dimen122
\Hy@linkcounter=\count110
\Hy@pagecounter=\count111

(/usr/share/texmf-texlive/tex/latex/hyperref/pd1enc.def
File: pd1enc.def 2009/10/09 v6.79a Hyperref: PDFDocEncoding definition (HO)
)
(/usr/share/texmf-texlive/tex/latex/latexconfig/hyperref.cfg
File: hyperref.cfg 2002/06/06 v1.2 hyperref configuration of TeXLive
)
Package hyperref Info: Option `colorlinks' set `true' on input line 2864.
Package hyperref Info: Option `colorlinks' set `false' on input line 2864.
Package hyperref Info: Option `hyperfigures' set `true' on input line 2864.
Package hyperref Info: Hyper figures ON on input line 2973.
Package hyperref Info: Link nesting OFF on input line 2980.
Package hyperref Info: Hyper index ON on input line 2983.
Package hyperref Info: Plain pages OFF on input line 2990.
Package hyperref Info: Backreferencing OFF on input line 2995.

Implicit mode ON; LaTeX internals redefined
Package hyperref Info: Bookmarks ON on input line 3191.
(/usr/share/texmf-texlive/tex/latex/ltxmisc/url.sty
\Urlmuskip=\muskip11
Package: url 2006/04/12  ver 3.3  Verb mode for urls, etc.
)
LaTeX Info: Redefining \url on input line 3428.

(/usr/share/texmf-texlive/tex/generic/oberdiek/bitset.sty
Package: bitset 2007/09/28 v1.0 Data type bit set (HO)

(/usr/share/texmf-texlive/tex/generic/oberdiek/intcalc.sty
Package: intcalc 2007/09/27 v1.1 Expandable integer calculations (HO)
)
(/usr/share/texmf-texlive/tex/generic/oberdiek/bigintcalc.sty
Package: bigintcalc 2007/11/11 v1.1 Expandable big integer calculations (HO)

(/usr/share/texmf-texlive/tex/generic/oberdiek/pdftexcmds.sty
Package: pdftexcmds 2009/09/23 v0.6 LuaTeX support for pdfTeX utility functions
 (HO)

(/usr/share/texmf-texlive/tex/generic/oberdiek/ifluatex.sty
Package: ifluatex 2009/04/17 v1.2 Provides the ifluatex switch (HO)
Package ifluatex Info: LuaTeX not detected.
)
(/usr/share/texmf-texlive/tex/generic/oberdiek/ltxcmds.sty
Package: ltxcmds 2009/08/05 v1.0 Some LaTeX kernel commands for general use (HO
)
)
Package pdftexcmds Info: LuaTeX not detected.
Package pdftexcmds Info: \pdf@primitive is available.
Package pdftexcmds Info: \pdf@ifprimitive is available.
)))
\Fld@menulength=\count112
\Field@Width=\dimen123
\Fld@charsize=\dimen124
\Field@toks=\toks21
Package hyperref Info: Hyper figures ON on input line 4375.
Package hyperref Info: Link nesting OFF on input line 4382.
Package hyperref Info: Hyper index ON on input line 4385.
Package hyperref Info: backreferencing OFF on input line 4392.
Package hyperref Info: Link coloring OFF on input line 4397.
Package hyperref Info: Link coloring with OCG OFF on input line 4402.
Package hyperref Info: PDF/A mode OFF on input line 4407.

(/usr/share/texmf-texlive/tex/generic/oberdiek/atbegshi.sty
Package: atbegshi 2008/07/31 v1.9 At begin shipout hook (HO)
)
\Hy@abspage=\count113
\c@Item=\count114
\c@Hfootnote=\count115
)
*hyperref using driver hypertex*
(/usr/share/texmf-texlive/tex/latex/hyperref/hypertex.def
File: hypertex.def 2009/10/09 v6.79a Hyperref driver for HyperTeX specials
)
(/usr/share/texmf-texlive/tex/latex/graphics/graphicx.sty
Package: graphicx 1999/02/16 v1.0f Enhanced LaTeX Graphics (DPC,SPQR)

(/usr/share/texmf-texlive/tex/latex/graphics/graphics.sty
Package: graphics 2009/02/05 v1.0o Standard LaTeX Graphics (DPC,SPQR)

(/usr/share/texmf-texlive/tex/latex/graphics/trig.sty
Package: trig 1999/03/16 v1.09 sin cos tan (DPC)
)
(/etc/texmf/tex/latex/config/graphics.cfg
File: graphics.cfg 2009/08/28 v1.8 graphics configuration of TeX Live
)
Package graphics Info: Driver file: dvips.def on input line 91.

(/usr/share/texmf-texlive/tex/latex/graphics/dvips.def
File: dvips.def 1999/02/16 v3.0i Driver-dependant file (DPC,SPQR)
))
\Gin@req@height=\dimen125
\Gin@req@width=\dimen126
)
(/usr/share/texmf-texlive/tex/latex/ltxmisc/hypernat.sty
Package: hypernat 2001/07/09 v1.0b hyperref and natbib compatibility (jb)
)
(/usr/share/texmf-texlive/tex/latex/oberdiek/hypcap.sty
Package: hypcap 2008/09/08 v1.10 Adjusting anchors of captions (HO)
))
(/usr/share/texmf-texlive/tex/latex/geometry/geometry.sty
Package: geometry 2008/12/21 v4.2 Page Geometry
\Gm@cnth=\count116
\Gm@cntv=\count117
\c@Gm@tempcnt=\count118
\Gm@bindingoffset=\dimen127
\Gm@wd@mp=\dimen128
\Gm@odd@mp=\dimen129
\Gm@even@mp=\dimen130
\Gm@dimlist=\toks22

(/usr/share/texmf-texlive/tex/xelatex/xetexconfig/geometry.cfg))
(/usr/share/texmf-texlive/tex/latex/enumitem/enumitem.sty
Package: enumitem 2009/05/18 v2.2 Customized lists
\enit@toks=\toks23
\labelindent=\skip54
\enit@outerparindent=\dimen131
\enitdp@desc=\count119
)
(/usr/share/texmf-texlive/tex/latex/base/fontenc.sty
Package: fontenc 2005/09/27 v1.99g Standard LaTeX package

(/usr/share/texmf-texlive/tex/latex/cyrillic/t2aenc.def
File: t2aenc.def 2005/09/27 v1.0i Cyrillic encoding definition file
)
LaTeX Font Info:    Try loading font information for T2A+cmr on input line 100.


(/usr/share/texmf-texlive/tex/latex/cyrillic/t2acmr.fd
File: t2acmr.fd 2001/08/11 v1.0a Computer Modern Cyrillic font definitions
))
(/usr/share/texmf-texlive/tex/latex/base/inputenc.sty
Package: inputenc 2008/03/30 v1.1d Input encoding file
\inpenc@prehook=\toks24
\inpenc@posthook=\toks25

(/usr/share/texmf-texlive/tex/latex/cyrillic/cp1251.def
File: cp1251.def 1999/11/16 v1.0d Input encoding file
))
(/var/lib/texmf/tex/generic/babel/babel.sty
Package: babel 2008/07/06 v3.8l The Babel package

(/usr/share/texmf-texlive/tex/generic/babel/english.ldf
Language: english 2005/03/30 v3.3o English support from the babel system

(/usr/share/texmf-texlive/tex/generic/babel/babel.def
File: babel.def 2008/07/06 v3.8l Babel common definitions
\babel@savecnt=\count120
\U@D=\dimen132
)
\l@canadian = a dialect from \language\l@american 
\l@australian = a dialect from \language\l@british 
\l@newzealand = a dialect from \language\l@british 
)
(/usr/share/texmf-texlive/tex/generic/babel/russianb.ldf
Language: russianb 2008/03/21 v1.1r Russian support from the babel system
Package babel Info: Making " an active character on input line 199.
))

LaTeX Warning: Unused global option(s):
    [master,14pt,subf,href,colorlinks=true].

(./thesis.aux)
\openout1 = `thesis.aux'.

LaTeX Font Info:    Checking defaults for OML/cmm/m/it on input line 48.
LaTeX Font Info:    ... okay on input line 48.
LaTeX Font Info:    Checking defaults for T1/cmr/m/n on input line 48.
LaTeX Font Info:    ... okay on input line 48.
LaTeX Font Info:    Checking defaults for OT1/cmr/m/n on input line 48.
LaTeX Font Info:    ... okay on input line 48.
LaTeX Font Info:    Checking defaults for OMS/cmsy/m/n on input line 48.
LaTeX Font Info:    ... okay on input line 48.
LaTeX Font Info:    Checking defaults for OMX/cmex/m/n on input line 48.
LaTeX Font Info:    ... okay on input line 48.
LaTeX Font Info:    Checking defaults for U/cmr/m/n on input line 48.
LaTeX Font Info:    ... okay on input line 48.
LaTeX Font Info:    Checking defaults for PD1/pdf/m/n on input line 48.
LaTeX Font Info:    ... okay on input line 48.
LaTeX Font Info:    Checking defaults for T2A/cmr/m/n on input line 48.
LaTeX Font Info:    ... okay on input line 48.
Package caption Info: Begin \AtBeginDocument code.
Package caption3 Info: subfig package 1.2 or 1.3 is loaded.
LaTeX Info: Redefining \subref on input line 48.
Package caption Info: hyperref package is loaded.
Package caption Info: hypcap package is loaded.
Package caption Info: End \AtBeginDocument code.
Package hyperref Info: Link coloring OFF on input line 48.
 (/usr/share/texmf-texlive/tex/latex/hyperref/nameref.sty
Package: nameref 2007/05/29 v2.31 Cross-referencing by name of section

(/usr/share/texmf-texlive/tex/latex/oberdiek/refcount.sty
Package: refcount 2008/08/11 v3.1 Data extraction from references (HO)
)
\c@section@level=\count121
)
LaTeX Info: Redefining \ref on input line 48.
LaTeX Info: Redefining \pageref on input line 48.
\AtBeginShipoutBox=\box29

*geometry auto-detecting driver*
*geometry detected driver: dvips*
-------------------- Geometry parameters
paper: a4paper
landscape: --
twocolumn: --
twoside: --
asymmetric: --
h-parts: 85.35826pt, 483.69687pt, 28.45274pt
v-parts: 56.9055pt, 731.23584pt, 56.9055pt
hmarginratio: --
vmarginratio: --
lines: --
heightrounded: --
bindingoffset: 0.0pt
truedimen: --
includehead: --
includefoot: true
includemp: --
driver: dvips
-------------------- Page layout dimensions and switches
\paperwidth  597.50787pt
\paperheight 845.04684pt
\textwidth  483.69687pt
\textheight 702.7831pt
\oddsidemargin  13.08827pt
\evensidemargin 13.08827pt
\topmargin  -57.81723pt
\headheight 14.0pt
\headsep    28.45274pt
\footskip   28.45274pt
\marginparwidth 15.0pt
\marginparsep   10.0pt
\columnsep  10.0pt
\skip\footins  12.0pt plus 4.0pt minus 2.0pt
\hoffset 0.0pt
\voffset 0.0pt
\mag 1000

(1in=72.27pt, 1cm=28.45pt)
-----------------------
(/usr/share/texmf-texlive/tex/latex/disser/master.rtx
File: master.rtx 
\firstskip=\skip55
\secondskip=\skip56
\thirdskip=\skip57
\fourthskip=\skip58
\fifthskip=\skip59
) [1

] (./thesis.toc
LaTeX Font Info:    Try loading font information for U+msa on input line 2.

(/usr/share/texmf-texlive/tex/latex/amsfonts/umsa.fd
File: umsa.fd 2009/06/22 v3.00 AMS symbols A
)
LaTeX Font Info:    Try loading font information for U+msb on input line 2.

(/usr/share/texmf-texlive/tex/latex/amsfonts/umsb.fd
File: umsb.fd 2009/06/22 v3.00 AMS symbols B
)
LaTeX Font Info:    Try loading font information for U+euex on input line 2.

(/usr/share/texmf-texlive/tex/latex/amsfonts/ueuex.fd
File: ueuex.fd 2009/06/22 v3.00 Euler extra symbols
)
Overfull \hbox (3.49672pt too wide) detected at line 8
\T2A/cmr/m/n/14.4 1.1.  
 []


Overfull \hbox (3.49672pt too wide) detected at line 9
\T2A/cmr/m/n/14.4 1.2.  
 []


Overfull \hbox (3.49672pt too wide) detected at line 10
\T2A/cmr/m/n/14.4 1.3.  
 []


Overfull \hbox (3.49672pt too wide) detected at line 11
\T2A/cmr/m/n/14.4 1.4.  
 []


Overfull \hbox (1.8184pt too wide) detected at line 12
\T2A/cmr/m/n/14.4 1.4.1.  
 []


Overfull \hbox (1.8184pt too wide) detected at line 19
\T2A/cmr/m/n/14.4 1.4.2.  
 []


Overfull \hbox (1.8184pt too wide) detected at line 20
\T2A/cmr/m/n/14.4 1.4.3.  
 []


Overfull \hbox (3.49672pt too wide) detected at line 25
\T2A/cmr/m/n/14.4 1.5.  
 []


Overfull \hbox (3.49672pt too wide) detected at line 26
\T2A/cmr/m/n/14.4 1.6.  
 []


Overfull \hbox (3.49672pt too wide) detected at line 27
\T2A/cmr/m/n/14.4 1.7.  
 []


Overfull \hbox (3.49672pt too wide) detected at line 28
\T2A/cmr/m/n/14.4 1.8.  
 []


Overfull \hbox (3.49672pt too wide) detected at line 30
\T2A/cmr/m/n/14.4 2.1.  
 []


Overfull \hbox (3.49672pt too wide) detected at line 34
\T2A/cmr/m/n/14.4 2.2.  
 []


Overfull \hbox (1.8184pt too wide) detected at line 35
\T2A/cmr/m/n/14.4 2.2.1.  
 []


Overfull \hbox (1.8184pt too wide) detected at line 39
\T2A/cmr/m/n/14.4 2.2.2.  
 []


Overfull \hbox (1.8184pt too wide) detected at line 40
\T2A/cmr/m/n/14.4 2.2.3.  
 []


Overfull \hbox (1.8184pt too wide) detected at line 41
\T2A/cmr/m/n/14.4 2.2.4.  
 []


Overfull \hbox (1.8184pt too wide) detected at line 42
\T2A/cmr/m/n/14.4 2.2.5.  
 []

[2



]
Overfull \hbox (3.49672pt too wide) detected at line 44
\T2A/cmr/m/n/14.4 3.1.  
 []


Overfull \hbox (3.49672pt too wide) detected at line 45
\T2A/cmr/m/n/14.4 3.2.  
 []


Overfull \hbox (1.8184pt too wide) detected at line 46
\T2A/cmr/m/n/14.4 3.2.1.  
 []


Overfull \hbox (1.8184pt too wide) detected at line 49
\T2A/cmr/m/n/14.4 3.2.2.  
 []


Overfull \hbox (1.8184pt too wide) detected at line 51
\T2A/cmr/m/n/14.4 3.2.3.  
 []


Overfull \hbox (1.8184pt too wide) detected at line 52
\T2A/cmr/m/n/14.4 3.2.4.  
 []


Overfull \hbox (3.49672pt too wide) detected at line 56
\T2A/cmr/m/n/14.4 3.3.  
 []


Overfull \hbox (3.49672pt too wide) detected at line 59
\T2A/cmr/m/n/14.4 3.4.  
 []


Overfull \hbox (1.8184pt too wide) detected at line 60
\T2A/cmr/m/n/14.4 3.4.1.  
 []


Overfull \hbox (1.8184pt too wide) detected at line 61
\T2A/cmr/m/n/14.4 3.4.2.  
 []


Overfull \hbox (1.8184pt too wide) detected at line 62
\T2A/cmr/m/n/14.4 3.4.3.  
 []


Overfull \hbox (3.49672pt too wide) detected at line 63
\T2A/cmr/m/n/14.4 3.5.  
 []


Overfull \hbox (3.49672pt too wide) detected at line 64
\T2A/cmr/m/n/14.4 3.6.  
 []


Overfull \hbox (1.8184pt too wide) detected at line 65
\T2A/cmr/m/n/14.4 3.6.1.  
 []


Overfull \hbox (1.8184pt too wide) detected at line 66
\T2A/cmr/m/n/14.4 3.6.2.  
 []

)
\tf@toc=\write3
\openout3 = `thesis.toc'.

 [3] (./abbriviatura.tex

Package hyperref Warning: bookmark level for unknown likechapter defaults to 0.


) (./intro.tex [4

] [5

]
LaTeX Font Info:    Try loading font information for OMS+cmr on input line 20.
 (/usr/share/texmf-texlive/tex/latex/base/omscmr.fd
File: omscmr.fd 1999/05/25 v2.5h Standard LaTeX font definitions
)
LaTeX Font Info:    Font shape `OMS/cmr/m/n' in size <14.4> not available
(Font)              Font shape `OMS/cmsy/m/n' tried instead on input line 20.

[6]) (./lit_v2.tex [7]

Package natbib Warning: Citation `warren1983unidentified' on page 8 undefined o
n input line 8.


Package natbib Warning: Citation `malfertheiner2009peptic' on page 8 undefined 
on input line 8.


Package natbib Warning: Citation `tomb1997complete' on page 8 undefined on inpu
t line 10.


Package natbib Warning: Citation `davidsen2009comprehensive' on page 8 undefine
d on input line 10.


Package natbib Warning: Citation `atherton1995mosaicism' on page 8 undefined on
 input line 12.


Package natbib Warning: Citation `blaser1996role' on page 8 undefined on input 
line 12.


Package natbib Warning: Citation `crabtree1991mucosal' on page 8 undefined on i
nput line 12.


Package natbib Warning: Citation `scarlato2001regulation' on page 8 undefined o
n input line 12.

[8

]

Package natbib Warning: Citation `burgess1969separation' on page 9 undefined on
 input line 17.


Package natbib Warning: Citation `browning2004regulation' on page 9 undefined o
n input line 21.


Package natbib Warning: Citation `browning2004regulation' on page 9 undefined o
n input line 21.

[9]

Package natbib Warning: Citation `josenhans2002functional' on page 10 undefined
 on input line 24.


Overfull \hbox (10.49922pt too wide) in paragraph at lines 28--29
\T2A/cmr/m/n/14.4 вать уро^^?вень пред^^?став^^?лен^^?но^^?сти тран^^?скрип^^?т
ов, необ^^?хо^^?ди^^?мо опре^^?де^^?лить их струк^^?
 []


Package natbib Warning: Citation `sharma2010primary' on page 10 undefined on in
put line 30.


Overfull \hbox (0.58803pt too wide) in paragraph at lines 30--31
\T2A/cmr/m/n/14.4 Ёк^^?зо^^?нукле^^?аза от^^?ре^^?за^^?ет 5'-фос^^?фа^^?ты (5'P
) и не тро^^?га^^?ет 5'-три^^?фос^^?фа^^?ты (5'PPP).
 []

[10]

Package natbib Warning: Citation `mazin2014transcriptome' on page 11 undefined 
on input line 41.


Overfull \hbox (8.30249pt too wide) in paragraph at lines 41--42
\T2A/cmr/m/n/14.4 (Pavel Mazin) с кол^^?ле^^?га^^?ми [\T2A/cmr/bx/n/14.4 ? \T2A
/cmr/m/n/14.4 ] по ис^^?сле^^?до^^?ва^^?нию тран^^?скрип^^?то^^?ма \T2A/cmr/m/i
t/14.4 M. gallisepticum\T2A/cmr/m/n/14.4 .
 []

[11]

Package natbib Warning: Citation `elowitz2002stochastic' on page 12 undefined o
n input line 51.


Package natbib Warning: Citation `elowitz2002stochastic' on page 12 undefined o
n input line 51.

[12]

Package natbib Warning: Citation `cases2003transcription' on page 13 undefined 
on input line 57.


Package natbib Warning: Citation `aravind2005many' on page 13 undefined on inpu
t line 57.


Package natbib Warning: Citation `moreno2006operons' on page 13 undefined on in
put line 57.


Package natbib Warning: Citation `molina2008universal' on page 13 undefined on 
input line 57.

[13]

Package natbib Warning: Citation `brown2003merr' on page 14 undefined on input 
line 65.


Package natbib Warning: Citation `busby1994promoter' on page 14 undefined on in
put line 70.


Package natbib Warning: Citation `hochschild1998protein' on page 14 undefined o
n input line 70.


Package natbib Warning: Citation `ghosh2010mechanisms' on page 14 undefined on 
input line 73.


Package natbib Warning: Citation `lee2012activating' on page 14 undefined on in
put line 76.


Package natbib Warning: Citation `lee2012activating' on page 14 undefined on in
put line 76.


Overfull \hbox (7.45778pt too wide) in paragraph at lines 73--79
 \T2A/cmr/bx/n/14.4 ѕро^^?мот^^?ры за^^?ви^^?си^^?мые от $\OML/cmm/m/it/14.4 ^^
[[]$\T2A/cmr/bx/n/14.4 : па^^?ра^^?диг^^?ма вто^^?рич^^?ной ак^^?ти^^?ва^^?ции.
[] \T2A/cmr/m/n/14.4 “ран^^?
 []

[14]

Package natbib Warning: Citation `joly2012coupling' on page 15 undefined on inp
ut line 80.


Package natbib Warning: Citation `jishage1996regulation' on page 15 undefined o
n input line 82.

[15]
Overfull \hbox (9.2921pt too wide) in paragraph at lines 91--92
\T2A/cmr/m/n/14.4 жа^^?ю^^?щей сре^^?ды. ’о^^?ро^^?шим при^^?ме^^?ром €в^^?л€^^
?ет^^?с€ гу^^?а^^?но^^?зин-3`5`-бифосфат (ppGpp),
 []

[16]

Package natbib Warning: Citation `lin2001comparative' on page 17 undefined on i
nput line 97.


Package natbib Warning: Citation `oh2006complete' on page 17 undefined on input
 line 97.


Package natbib Warning: Citation `krebes2013complex' on page 17 undefined on in
put line 99.

[17]

Package natbib Warning: Citation `lozada2006bacterial' on page 18 undefined on 
input line 105.


Package natbib Warning: Citation `wang2011evolutionary' on page 18 undefined on
 input line 105.


Package natbib Warning: Citation `teichmann2004gene' on page 18 undefined on in
put line 106.


Package natbib Warning: Citation `price2008horizontal' on page 18 undefined on 
input line 106.


Package natbib Warning: Citation `price2008horizontal' on page 18 undefined on 
input line 106.


Package natbib Warning: Citation `lercher2008integration' on page 18 undefined 
on input line 106.


Package natbib Warning: Citation `taoka2004only' on page 18 undefined on input 
line 106.

[18]

Package natbib Warning: Citation `danielli2010built' on page 19 undefined on in
put line 110.


LaTeX Warning: Reference `tab:TF_inf' on page 19 undefined on input line 110.


Package natbib Warning: Citation `danielli2010built' on page 19 undefined on in
put line 113.


Package natbib Warning: Citation `danielli2010built' on page 19 undefined on in
put line 113.

[19] [20]
Overfull \hbox (11.51306pt too wide) in paragraph at lines 129--130
[]\T2A/cmr/m/n/14.4 класс III - ге^^?ны, ко^^?ди^^?ру^^?ю^^?щие по^^?след^^?нию
 струк^^?ту^^?ру (late flagellar structure)
 []

[21] [22] [23] [24] [25] [26] [27] [28] [29]) (./material.tex [30] [31

]
Overfull \hbox (326.58064pt too wide) in paragraph at lines 29--34
\T2A/cmr/m/n/14.4 ство ри^^?дов на ген, бы^^?ла ис^^?поль^^?зо^^?ва^^?на про^^?
грам^^?ма coverageBed (http://bedtools.readthedocs.io/en/latest/content/tools/c
overage.html,
 []


Overfull \hbox (6.09433pt too wide) in paragraph at lines 35--40
\T2A/cmr/m/n/14.4 по^^?мо^^?щи про^^?грам^^?мы OrthoFinder (https://github.com/
davidemms/OrthoFinder).
 []

[32]
Overfull \hbox (29.83488pt too wide) in paragraph at lines 63--64
[]\T2A/cmr/m/n/14.4 ƒл€ вы^^?рав^^?ни^^?ва^^?ни€ по^^?сле^^?до^^?ва^^?тель^^?но
^^?стей ис^^?поль^^?зо^^?ва^^?лась про^^?грам^^?ма nucmmer.
 []

[33] [34]
Overfull \hbox (12.00888pt too wide) in paragraph at lines 92--93
[]\T2A/cmr/m/n/14.4 ƒл€ пеп^^?тид^^?ных иден^^?ти^^?фи^^?ка^^?ци€ ис^^?поль^^?з
о^^?ва^^?лась про^^?грам^^?мы Mascot v2.2.07.
 []

) (./results.tex [35] [36

]
Overfull \hbox (11.97636pt too wide) in paragraph at lines 52--53
 \T2A/cmr/bx/n/14.4 Ўтам^^?мы \T2A/cmr/bx/it/14.4 H. pylori \T2A/cmr/bx/n/14.4 
с со^^?бран^^?ным ге^^?но^^?мом от^^?но^^?си^^?тель^^?но штам^^?ма 26695.[]
 []

[37] [38] [39] [40] [41]
Overfull \hbox (16.66272pt too wide) in paragraph at lines 186--189
[][] 
 []

[42]
Overfull \hbox (16.66272pt too wide) in paragraph at lines 232--235
[][] 
 []


Overfull \hbox (7.8819pt too wide) in paragraph at lines 260--261
[]\T2A/cmr/m/n/14.4 ƒл€ всех $\OML/cmm/m/it/14.4 ^^[$\T2A/cmr/m/n/14.4 -субъеди
ниц мы ви^^?дим пик в рас^^?пре^^?де^^?ле^^?нии на по^^?зи^^?ци^^?€х 8-12 нт
 []

[43] [44] [45] [46] [47] [48] [49]
Overfull \hbox (17.12143pt too wide) in paragraph at lines 423--424
[]\T2A/cmr/m/n/14.4 : белки-^^?субъ^^?еди^^?ни^^?цы уре^^?аз^^?но^^?го ком^^?пл
ек^^?са и бел^^?ки, участ^^?
 []


Overfull \hbox (1.03343pt too wide) in paragraph at lines 426--427
[]\T2A/cmr/m/n/14.4 : ри^^?бо^^?со^^?маль^^?ные-^^?субъ^^?еди^^?ни^^?цы; уре^^?
за^^?з^^?ный бе^^?
 []

[50] [51]) (./thesis.bbl [52])

Package natbib Warning: There were undefined citations.

[53

] (./thesis.aux)

LaTeX Warning: There were undefined references.


LaTeX Warning: Label(s) may have changed. Rerun to get cross-references right.

 ) 
Here is how much of TeX's memory you used:
 7880 strings out of 493849
 114325 string characters out of 1152846
 195272 words of memory out of 3000000
 10990 multiletter control sequences out of 15000+50000
 21977 words of font info for 61 fonts, out of 3000000 for 9000
 714 hyphenation exceptions out of 8191
 45i,11n,41p,1737b,430s stack positions out of 5000i,500n,10000p,200000b,50000s

Output written on thesis.dvi (53 pages, 190324 bytes).
